0:N(1842),HP(8369),HA(10267),HM(10661),LM(14028),LP(14405),LA(17752)
1:N(1039),HP(4487),HA(5615),HM(5807),LM(7148),LA(7967),LP(8170)
2:N(119),HP(439),HA(552),HM(563),LP(617),LM(630),LA(703)
3:N(459),HP(1856),HA(2345),HM(2434),LM(3050),LP(3345),LA(3986)
4:N(1212),HP(5336),HA(6570),HM(6806),LP(8461),LM(9422),LA(10727)
5:N(559),HP(2346),HA(2938),HM(3042),LM(3608),LP(4044),LA(4350)
6:N(1999),HP(9158),HA(11145),HM(11629),LM(14128),LP(15436),LA(19134)
7:N(1554),HP(6928),HA(8564),HM(8887),LM(10310),LP(10954),LA(13425)
8:N(592),HP(2467),HA(3086),HM(3166),LM(3552),LP(4059),LA(4385)
9:N(1183),HP(5207),HA(6421),HM(6649),LP(7997),LM(8281),LA(8632)
10:N(1000),HP(4302),HA(5350),HM(5573),LP(7050),LM(7114),LA(8535)
11:N(1527),HP(6884),HA(8485),HM(8758),LM(10146),LP(12098),LA(13382)
12:N(586),HP(2472),HA(3027),HM(3097),LM(3573),LP(3634),LA(3971)
13:N(1486),HP(6682),HA(8080),HM(8433),LM(11197),LP(11800),LA(13003)
14:N(448),HP(1842),HA(2278),HM(2353),LP(2595),LM(2999),LA(3243)
15:N(976),HP(4235),HA(5214),HM(5425),LM(6159),LP(7536),LA(8198)
16:N(990),HP(4307),HA(5299),HM(5495),LM(7013),LA(7578),LP(7653)
17:N(913),HP(3942),HA(4913),HM(5060),LM(5930),LP(7298),LA(7520)
18:N(1886),HP(8597),HA(10544),HM(10953),LM(13632),LP(14164),LA(17372)
19:N(369),HP(1507),HA(1857),HM(1939),LP(2183),LM(2200),LA(2907)
20:N(1560),HP(7018),HA(8522),HM(8885),LM(11410),LP(13747),LA(15508)
21:N(347),HP(1419),HA(1743),HM(1803),LP(2133),LM(2295),LA(2978)
22:N(123),HP(454),HA(578),HM(596),LP(611),LM(675),LA(781)
23:N(294),HP(1172),HA(1460),HM(1532),LM(1719),LA(1865),LP(2065)
24:N(1246),HP(5452),HA(6786),HM(7036),LM(8600),LP(8757),LA(9647)
25:N(147),HP(549),HA(692),HM(724),LM(776),LP(817),LA(927)
26:N(1664),HP(7535),HA(9167),HM(9514),LP(12334),LM(12732),LA(14486)
27:N(289),HP(1114),HA(1436),HM(1456),LP(1681),LM(1852),LA(1935)
28:N(1639),HP(7425),HA(9141),HM(9443),LM(11494),LP(12824),LA(13915)
29:N(476),HP(1931),HA(2410),HM(2512),LP(3292),LM(3437),LA(3967)
30:N(1676),HP(7557),HA(9308),HM(9567),LM(12925),LP(15755),LA(15832)
31:N(1729),HP(3458),HA(6319),HM(6912),LM(12043),LA(13053),LP(1499041)
32:N(433),HP(1760),HA(2193),HM(2279),LA(2913),LP(2937),LM(3034)
33:N(1805),HP(3611),HA(6639),HM(7215),LM(12373),LA(17601),LP(1633523)
34:N(1694),HP(7698),HA(9390),HM(9706),LP(13394),LM(13568),LA(15162)
35:N(800),HP(3474),HA(4292),HM(4379),LP(5128),LM(5399),LA(5870)
36:N(1093),HP(2185),HA(3989),HM(4369),LM(6917),LA(8700),LP(600055)
37:N(1499),HP(6682),HA(8267),HM(8495),LM(11600),LP(12891),LA(13110)
38:N(617),HP(1233),HA(2262),HM(2465),LM(3853),LA(4693),LP(191885)
39:N(84),HP(300),HA(385),HM(389),LM(399),LP(416),LA(465)
.
.
.
760:N(444),HP(1778),HA(2207),HM(2339),LM(2703),LA(3185),LP(3396)
761:N(1068),HP(4640),HA(5811),HM(5943),LM(6978),LP(8319),LA(8427)
762:N(1519),HP(6768),HA(8317),HM(8660),LP(10475),LM(11323),LA(12741)
763:N(1260),HP(5553),HA(6863),HM(7142),LM(9050),LP(9307),LA(10077)
764:N(264),HP(1034),HA(1320),HM(1334),LM(1586),LP(1683),LA(1860)
765:N(738),HP(3117),HA(3858),HM(4016),LM(4787),LP(5570),LA(5664)
766:N(1124),HP(4901),HA(6059),HM(6305),LP(8042),LM(8199),LA(9438)
767:N(1168),HP(2335),HA(4308),HM(4669),LM(7674),LA(8846),LP(685030)
768:N(337),HP(1331),HA(1717),HM(1759),LP(2029),LA(2120),LM(2125)
769:N(1108),HP(4849),HA(6058),HM(6234),LM(7356),LP(8156),LA(8575)
770:N(1269),HP(5587),HA(6938),HM(7133),LM(9500),LP(9609),LA(10749)
771:N(1496),HP(6618),HA(8219),HM(8565),LM(11158),LP(11765),LA(12049)
772:N(1807),HP(8094),HA(10027),HM(10415),LM(13335),LP(14086),LA(18415)
773:N(1385),HP(6218),HA(7685),HM(7917),LM(9211),LP(9990),LA(10456)
774:N(1858),HP(8580),HA(10354),HM(10717),LM(13546),LA(16442),LP(16605)
775:N(1858),HP(8332),HA(10367),HM(10623),LP(14235),LM(14482),LA(16850)
776:N(336),HP(1331),HA(1707),HM(1747),LM(2002),LA(2305),LP(2353)
777:N(1613),HP(7202),HA(9027),HM(9176),LM(11316),LP(11600),LA(13630)
778:N(1366),HP(6044),HA(7446),HM(7729),LM(9690),LP(10964),LA(11026)
779:N(909),HP(3944),HA(4769),HM(5026),LM(6263),LP(6439),LA(6905)
780:N(1498),HP(6692),HA(8257),HM(8512),LM(11599),LP(11633),LA(14257)
781:N(840),HP(3600),HA(4473),HM(4641),LM(5513),LP(6150),LA(6373)
782:N(235),HP(916),HA(1153),HM(1187),LP(1347),LM(1511),LA(1655)
783:N(1872),HP(8522),HA(10375),HM(10901),LM(13522),LP(14556),LA(15400)
784:N(1261),HP(5646),HA(6785),HM(7098),LP(9044),LA(9360),LM(9833)
785:N(57),HP(191),LM(225),HM(247),HA(252),LP(278),LA(285)
786:N(1666),HP(7506),HA(9308),HM(9599),LM(12338),LA(12988),LP(13569)
787:N(1158),HP(5052),HA(6247),HM(6484),LM(8500),LP(9030),LA(9223)
788:N(973),HP(4142),HA(5184),HM(5381),LM(7197),LP(7675),LA(8854)
789:N(308),HP(1230),HA(1524),HM(1588),LP(1889),LM(2152),LA(2230)
790:N(1314),HP(5838),HA(7143),HM(7431),LM(9016),LA(10486),LP(10644)
791:N(1213),HP(5344),HA(6615),HM(6839),LM(8582),LP(8608),LA(9483)
792:N(372),HP(1475),HA(1899),HM(1943),LM(2353),LA(2604),LP(2753)
793:N(1434),HP(6437),HA(7843),HM(8191),LM(9915),LP(11052),LA(11657)
794:N(1627),HP(7367),HA(9060),HM(9314),LA(12300),LM(13012),LP(14311)
795:N(1188),HP(5234),HA(6427),HM(6676),LM(8417),LP(9201),LA(9432)
796:N(421),HP(1720),HA(2149),HM(2186),LM(2391),LP(2718),LA(2744)
797:N(1860),HP(8419),HA(10425),HM(10629),LM(13379),LP(14987),LA(16783)
798:N(122),HP(453),HA(570),HM(600),LP(620),LM(639),LA(756)
799:N(1503),HP(6794),HA(8313),HM(8592),LP(10990),LM(11111),LA(12789)
