0x0000->MOV_R0=0x0000000D
0x0004->MOV_R1=R2=0x00000000
0x0008->MOV_R3=MEM[0x00,0x01,0x02,0x03]=[0x00,0x00,0x0D,0x00]
0x000C->MOV_MEM[0x00,0x01,0x02,0x03]=R6=[0x00,0x00,0x00,0x00]
0x0010->CMP_R7<=>R8(G=0,L=0,E=1)
0x0014->JMP_0x0018
0x0018->JG_0x0000
0x001C->JL_0xFFFF
0x0020->JE_0x0024
0x0024->ADD_R9+=R10=0x00000000+0x00000000=0x00000000
0x0028->SUB_R11-=R12=0x00000000-0x00000000=0x00000000
0x002C->AND_R13&=R14=0x00000000&0x00000000=0x00000000
0x0030->OR_R15|=R0=0x00000000|0x0000000D=0x0000000D
0x0034->XOR_R1^=R2=0x00000000^0x00000000=0x00000000
0x0038->SAL_R3<<=3=0x000D0000<<3=0x00680000
0x003C->SAR_R3>>=15=0x00680000>>15=0x000000D0
0x0040->JMP_0x0100
0x0100->EXIT
[00:1,01:1,02:1,03:1,04:1,05:2,06:1,07:1,08:1,09:1,0A:1,0B:1,0C:1,0D:1,0E:1,0F:1]
[R0=0x0000000D,R1=0x00000000,R2=0x00000000,R3=0x000000D0,R4=0x00000000,R5=0x00000000,R6=0x00000000,R7=0x00000000,R8=0x00000000,R9=0x00000000,R10=0x00000000,R11=0x00000000,R12=0x00000000,R13=0x00000000,R14=0x00000000,R15=0x0000000D]
